<?xml version="1.0" encoding="UTF-8"?>
<testng-results ignored="0" total="1" passed="1" failed="0" skipped="0">
  <reporter-output>
  </reporter-output>
  <suite started-at="2021-03-19T04:33:53 EDT" name="Surefire suite" finished-at="2021-03-19T04:34:04 EDT" duration-ms="11543">
    <groups>
      <group name="cucumber">
        <method signature="AbstractTestNGCucumberTests.runScenario(io.cucumber.testng.PickleWrapper, io.cucumber.testng.FeatureWrapper)[pri:0, instance:stepDef.TestRunner@2a40cd94]" name="runScenario" class="io.cucumber.testng.AbstractTestNGCucumberTests"/>
      </group> <!-- cucumber -->
    </groups>
    <test started-at="2021-03-19T04:33:53 EDT" name="Surefire test" finished-at="2021-03-19T04:34:04 EDT" duration-ms="11543">
      <class name="stepDef.TestRunner">
        <test-method is-config="true" signature="setUpClass()[pri:0, instance:stepDef.TestRunner@2a40cd94]" started-at="2021-03-19T04:33:53 EDT" name="setUpClass" finished-at="2021-03-19T04:33:53 EDT" duration-ms="212" status="PASS">
          <reporter-output>
          </reporter-output>
        </test-method> <!-- setUpClass -->
        <test-method signature="runScenario(io.cucumber.testng.PickleWrapper, io.cucumber.testng.FeatureWrapper)[pri:0, instance:stepDef.TestRunner@2a40cd94]" started-at="2021-03-19T04:33:53 EDT" name="runScenario" description="Runs Cucumber Scenarios" data-provider="scenarios" finished-at="2021-03-19T04:34:04 EDT" duration-ms="11200" status="PASS">
          <params>
            <param index="0">
              <value>
                <![CDATA["Login with valid email and password"]]>
              </value>
            </param>
            <param index="1">
              <value>
                <![CDATA["Optional[login]"]]>
              </value>
            </param>
          </params>
          <reporter-output>
          </reporter-output>
        </test-method> <!-- runScenario -->
        <test-method is-config="true" signature="tearDownClass()[pri:0, instance:stepDef.TestRunner@2a40cd94]" started-at="2021-03-19T04:34:04 EDT" name="tearDownClass" finished-at="2021-03-19T04:34:04 EDT" duration-ms="107" status="PASS">
          <reporter-output>
          </reporter-output>
        </test-method> <!-- tearDownClass -->
      </class> <!-- stepDef.TestRunner -->
    </test> <!-- Surefire test -->
  </suite> <!-- Surefire suite -->
</testng-results>
